\BOOKMARK [1][-]{section.1}{\376\377\000N\000a\000t\000u\000r\000a\000l\000\040\000L\000a\000n\000g\000u\000a\000g\000e\000\040\000C\000o\000n\000t\000e\000n\000t\000\040\000A\000n\000a\000l\000y\000s\000i\000s}{}% 1
\BOOKMARK [2][-]{subsection.1.1}{\376\377\000A\000n\000\040\000E\000x\000a\000m\000p\000l\000e\000\040\000o\000f\000\040\000N\000L\000P}{section.1}% 2
\BOOKMARK [2][-]{subsection.1.2}{\376\377\000T\000h\000e\000\040\000S\000t\000a\000t\000e\000\040\000o\000f\000\040\000t\000h\000e\000\040\000A\000r\000t}{section.1}% 3
\BOOKMARK [2][-]{subsection.1.3}{\376\377\000R\000e\000c\000o\000m\000m\000e\000n\000d\000e\000d\000\040\000r\000e\000a\000d\000i\000n\000g}{section.1}% 4
\BOOKMARK [1][-]{section.2}{\376\377\000T\000e\000x\000t\000\040\000A\000c\000c\000e\000s\000s}{}% 5
\BOOKMARK [2][-]{subsection.2.1}{\376\377\000T\000w\000o\000\040\000M\000o\000d\000e\000s\000\040\000o\000f\000\040\000T\000e\000x\000t\000\040\000A\000c\000c\000e\000s\000s\000:\000\040\000P\000u\000l\000l\000\040\000v\000s\000.\000\040\000P\000u\000s\000h}{section.2}% 6
\BOOKMARK [2][-]{subsection.2.2}{\376\377\000P\000u\000l\000l\000\040\000M\000o\000d\000e\000:\000\040\000Q\000u\000e\000r\000y\000i\000n\000g\000\040\000v\000s\000.\000\040\000B\000r\000o\000w\000s\000i\000n\000g}{section.2}% 7
\BOOKMARK [2][-]{subsection.2.3}{\376\377\000R\000e\000c\000o\000m\000m\000e\000n\000d\000e\000d\000\040\000r\000e\000a\000d\000i\000n\000g}{section.2}% 8
\BOOKMARK [1][-]{section.3}{\376\377\000T\000e\000x\000t\000\040\000R\000e\000t\000r\000i\000e\000v\000a\000l\000\040\000P\000r\000o\000b\000l\000e\000m}{}% 9
\BOOKMARK [2][-]{subsection.3.1}{\376\377\000W\000h\000a\000t\000\040\000I\000s\000\040\000T\000e\000x\000t\000\040\000R\000e\000t\000r\000i\000e\000v\000a\000l\000?}{section.3}% 10
\BOOKMARK [2][-]{subsection.3.2}{\376\377\000F\000o\000r\000m\000a\000l\000\040\000F\000o\000r\000m\000u\000l\000a\000t\000i\000o\000n\000\040\000o\000f\000\040\000T\000R}{section.3}% 11
\BOOKMARK [2][-]{subsection.3.3}{\376\377\000H\000o\000w\000\040\000t\000o\000\040\000C\000o\000m\000p\000u\000t\000e\000\040\000R\000\050\000q\000\051}{section.3}% 12
\BOOKMARK [2][-]{subsection.3.4}{\376\377\000T\000h\000e\000o\000r\000e\000t\000i\000c\000a\000l\000\040\000J\000u\000s\000t\000i\000f\000i\000c\000a\000t\000i\000o\000n\000\040\000f\000o\000r\000\040\000R\000a\000n\000k\000i\000n\000g}{section.3}% 13
\BOOKMARK [2][-]{subsection.3.5}{\376\377\000R\000e\000c\000o\000m\000m\000e\000n\000d\000e\000d\000\040\000r\000e\000a\000d\000i\000n\000g}{section.3}% 14
\BOOKMARK [1][-]{section.4}{\376\377\000O\000v\000e\000r\000v\000i\000e\000w\000\040\000o\000f\000\040\000T\000e\000x\000t\000\040\000R\000e\000t\000r\000i\000e\000v\000a\000l\000\040\000M\000e\000t\000h\000o\000d\000s}{}% 15
\BOOKMARK [2][-]{subsection.4.1}{\376\377\000H\000o\000w\000\040\000t\000o\000\040\000D\000e\000s\000i\000g\000n\000\040\000a\000\040\000R\000a\000n\000k\000i\000n\000g\000\040\000F\000u\000n\000c\000t\000i\000o\000n}{section.4}% 16
\BOOKMARK [2][-]{subsection.4.2}{\376\377\000R\000e\000t\000r\000i\000e\000v\000a\000l\000\040\000M\000o\000d\000e\000l\000s}{section.4}% 17
\BOOKMARK [2][-]{subsection.4.3}{\376\377\000C\000o\000m\000m\000o\000n\000\040\000I\000d\000e\000a\000s\000\040\000i\000n\000\040\000S\000t\000a\000t\000e\000\040\000o\000f\000\040\000t\000h\000e\000\040\000A\000r\000t\000\040\000R\000e\000t\000r\000i\000e\000v\000a\000l\000\040\000M\000o\000d\000e\000l\000s}{section.4}% 18
\BOOKMARK [2][-]{subsection.4.4}{\376\377\000W\000h\000i\000c\000h\000\040\000M\000o\000d\000e\000l\000\040\000W\000o\000r\000k\000s\000\040\000t\000h\000e\000\040\000B\000e\000s\000t\000?}{section.4}% 19
\BOOKMARK [2][-]{subsection.4.5}{\376\377\000R\000e\000c\000o\000m\000m\000e\000n\000d\000e\000d\000\040\000r\000e\000a\000d\000i\000n\000g}{section.4}% 20
\BOOKMARK [1][-]{section.5}{\376\377\000V\000e\000c\000t\000o\000r\000\040\000S\000p\000a\000c\000e\000\040\000R\000e\000t\000r\000i\000e\000v\000a\000l\000\040\000M\000o\000d\000e\000l}{}% 21
\BOOKMARK [2][-]{subsection.5.1}{\376\377\000B\000a\000s\000i\000c\000\040\000I\000d\000e\000a}{section.5}% 22
\BOOKMARK [3][-]{subsubsection.5.1.1}{\376\377\000V\000e\000c\000t\000o\000r\000\040\000S\000p\000a\000c\000e\000\040\000M\000o\000d\000e\000l\000\040\000\050\000V\000S\000M\000\051\000:\000\040\000I\000l\000l\000u\000s\000t\000r\000a\000t\000i\000o\000n}{subsection.5.1}% 23
\BOOKMARK [3][-]{subsubsection.5.1.2}{\376\377\000V\000S\000M\000\040\000I\000s\000\040\000a\000\040\000F\000r\000a\000m\000e\000w\000o\000r\000k}{subsection.5.1}% 24
\BOOKMARK [3][-]{subsubsection.5.1.3}{\376\377\000W\000h\000a\000t\000\040\000V\000S\000M\000\040\000D\000o\000e\000s\000n\040\031\000t\000\040\000S\000a\000y}{subsection.5.1}% 25
\BOOKMARK [2][-]{subsection.5.2}{\376\377\000S\000i\000m\000p\000l\000e\000s\000t\000\040\000V\000S\000M\000\040\000=\000\040\000B\000i\000t\000-\000V\000e\000c\000t\000o\000r\000\040\000+\000\040\000D\000o\000t\000-\000P\000r\000o\000d\000u\000c\000t\000\040\000+\000\040\000B\000O\000W}{section.5}% 26
\BOOKMARK [2][-]{subsection.5.3}{\376\377\000I\000m\000p\000r\000o\000v\000e\000d\000\040\000I\000n\000s\000t\000a\000n\000t\000i\000a\000t\000i\000o\000n}{section.5}% 27
\BOOKMARK [3][-]{subsubsection.5.3.1}{\376\377\000I\000m\000p\000r\000o\000v\000e\000d\000\040\000V\000S\000M\000\040\000w\000i\000t\000h\000\040\000T\000e\000r\000m\000\040\000F\000r\000e\000q\000u\000e\000n\000c\000y\000\040\000\050\000T\000F\000\051\000\040\000W\000e\000i\000g\000h\000t\000i\000n\000g}{subsection.5.3}% 28
\BOOKMARK [3][-]{subsubsection.5.3.2}{\376\377\000I\000D\000F\000\040\000W\000e\000i\000g\000h\000t\000i\000n\000g\000:\000\040\000P\000e\000n\000a\000l\000i\000z\000i\000n\000g\000\040\000P\000o\000p\000u\000l\000a\000r\000\040\000T\000e\000r\000m\000s}{subsection.5.3}% 29
\BOOKMARK [3][-]{subsubsection.5.3.3}{\376\377\000A\000d\000d\000i\000n\000g\000\040\000I\000n\000v\000e\000r\000s\000e\000\040\000D\000o\000c\000u\000m\000e\000n\000t\000\040\000F\000r\000e\000q\000u\000e\000n\000c\000y\000\040\000\050\000I\000D\000F\000\051}{subsection.5.3}% 30
\BOOKMARK [2][-]{subsection.5.4}{\376\377\000T\000F\000\040\000T\000r\000a\000n\000s\000f\000o\000r\000m\000a\000t\000i\000o\000n}{section.5}% 31
\BOOKMARK [3][-]{subsubsection.5.4.1}{\376\377\000R\000a\000n\000k\000i\000n\000g\000\040\000F\000u\000n\000c\000t\000i\000o\000n\000\040\000w\000i\000t\000h\000\040\000T\000F\000-\000I\000D\000F\000\040\000W\000e\000i\000g\000h\000t\000i\000n\000g}{subsection.5.4}% 32
\BOOKMARK [3][-]{subsubsection.5.4.2}{\376\377\000T\000F\000\040\000T\000r\000a\000n\000s\000f\000o\000r\000m\000a\000t\000i\000o\000n\000:\000\040\000B\000M\0002\0005\000\040\000T\000r\000a\000n\000s\000f\000o\000r\000m\000a\000t\000i\000o\000n}{subsection.5.4}% 33
\BOOKMARK [3][-]{subsubsection.5.4.3}{\376\377\000S\000u\000m\000m\000a\000r\000y}{subsection.5.4}% 34
\BOOKMARK [2][-]{subsection.5.5}{\376\377\000D\000o\000c\000\040\000L\000e\000n\000g\000t\000h\000\040\000N\000o\000r\000m\000a\000l\000i\000z\000a\000t\000i\000o\000n}{section.5}% 35
\BOOKMARK [3][-]{subsubsection.5.5.1}{\376\377\000P\000i\000v\000o\000t\000e\000d\000\040\000L\000e\000n\000g\000t\000h\000\040\000N\000o\000r\000m\000a\000l\000i\000z\000a\000t\000i\000o\000n}{subsection.5.5}% 36
\BOOKMARK [3][-]{subsubsection.5.5.2}{\376\377\000S\000t\000a\000t\000e\000\040\000o\000f\000\040\000t\000h\000e\000\040\000A\000r\000t\000\040\000V\000S\000M\000\040\000R\000a\000n\000k\000i\000n\000g\000\040\000F\000u\000n\000c\000t\000i\000o\000n\000s}{subsection.5.5}% 37
\BOOKMARK [2][-]{subsection.5.6}{\376\377\000F\000u\000r\000t\000h\000e\000r\000\040\000I\000m\000p\000r\000o\000v\000e\000m\000e\000n\000t\000\040\000o\000f\000\040\000V\000S\000M\000?}{section.5}% 38
\BOOKMARK [2][-]{subsection.5.7}{\376\377\000F\000u\000r\000t\000h\000e\000r\000\040\000I\000m\000p\000r\000o\000v\000e\000m\000e\000n\000t\000\040\000o\000f\000\040\000B\000M\0002\0005}{section.5}% 39
\BOOKMARK [2][-]{subsection.5.8}{\376\377\000S\000u\000m\000m\000a\000r\000y\000\040\000o\000f\000\040\000V\000e\000c\000t\000o\000r\000\040\000S\000p\000a\000c\000e\000\040\000M\000o\000d\000e\000l}{section.5}% 40
\BOOKMARK [2][-]{subsection.5.9}{\376\377\000R\000e\000c\000o\000m\000m\000e\000n\000d\000e\000d\000\040\000r\000e\000a\000d\000i\000n\000g}{section.5}% 41
\BOOKMARK [1][-]{section.6}{\376\377\000S\000y\000s\000t\000e\000m\000\040\000I\000m\000p\000l\000e\000m\000e\000n\000t\000a\000t\000i\000o\000n}{}% 42
\BOOKMARK [2][-]{subsection.6.1}{\376\377\000I\000m\000p\000l\000e\000m\000e\000n\000t\000a\000t\000i\000o\000n\000\040\000o\000f\000\040\000T\000R\000\040\000S\000y\000s\000t\000e\000m\000s}{section.6}% 43
\BOOKMARK [3][-]{subsubsection.6.1.1}{\376\377\000T\000y\000p\000i\000c\000a\000l\000\040\000T\000R\000\040\000S\000y\000s\000t\000e\000m\000\040\000A\000r\000c\000h\000i\000t\000e\000c\000t\000u\000r\000e}{subsection.6.1}% 44
\BOOKMARK [3][-]{subsubsection.6.1.2}{\376\377\000T\000o\000k\000e\000n\000i\000z\000a\000t\000i\000o\000n}{subsection.6.1}% 45
\BOOKMARK [3][-]{subsubsection.6.1.3}{\376\377\000I\000n\000v\000e\000r\000t\000e\000d\000\040\000I\000n\000d\000e\000x}{subsection.6.1}% 46
\BOOKMARK [3][-]{subsubsection.6.1.4}{\376\377\000E\000m\000p\000i\000r\000i\000c\000a\000l\000\040\000D\000i\000s\000t\000r\000i\000b\000u\000t\000i\000o\000n\000\040\000o\000f\000\040\000W\000o\000r\000d\000s}{subsection.6.1}% 47
\BOOKMARK [3][-]{subsubsection.6.1.5}{\376\377\000Z\000i\000p\000f\040\031\000s\000\040\000L\000a\000w}{subsection.6.1}% 48
\BOOKMARK [3][-]{subsubsection.6.1.6}{\376\377\000D\000a\000t\000a\000\040\000S\000t\000r\000u\000c\000t\000u\000r\000e\000s\000\040\000f\000o\000r\000\040\000I\000n\000v\000e\000r\000t\000e\000d\000\040\000I\000n\000d\000e\000x}{subsection.6.1}% 49
\BOOKMARK [2][-]{subsection.6.2}{\376\377\000I\000n\000v\000e\000r\000t\000e\000d\000\040\000I\000n\000d\000e\000x\000\040\000C\000o\000n\000s\000t\000r\000u\000c\000t\000i\000o\000n}{section.6}% 50
\BOOKMARK [3][-]{subsubsection.6.2.1}{\376\377\000I\000n\000v\000e\000r\000t\000e\000d\000\040\000I\000n\000d\000e\000x\000\040\000C\000o\000m\000p\000r\000e\000s\000s\000i\000o\000n}{subsection.6.2}% 51
\BOOKMARK [3][-]{subsubsection.6.2.2}{\376\377\000I\000n\000t\000e\000g\000e\000r\000\040\000C\000o\000m\000p\000r\000e\000s\000s\000i\000o\000n\000\040\000M\000e\000t\000h\000o\000d\000s}{subsection.6.2}% 52
\BOOKMARK [2][-]{subsection.6.3}{\376\377\000F\000a\000s\000t\000\040\000S\000e\000a\000r\000c\000h}{section.6}% 53
\BOOKMARK [3][-]{subsubsection.6.3.1}{\376\377\000G\000e\000n\000e\000r\000a\000l\000\040\000F\000o\000r\000m\000\040\000o\000f\000\040\000S\000c\000o\000r\000i\000n\000g\000\040\000F\000u\000n\000c\000t\000i\000o\000n}{subsection.6.3}% 54
\BOOKMARK [3][-]{subsubsection.6.3.2}{\376\377\000A\000\040\000G\000e\000n\000e\000r\000a\000l\000\040\000A\000l\000g\000o\000r\000i\000t\000h\000m\000\040\000f\000o\000r\000\040\000R\000a\000n\000k\000i\000n\000g\000\040\000D\000o\000c\000u\000m\000e\000n\000t\000s}{subsection.6.3}% 55
\BOOKMARK [3][-]{subsubsection.6.3.3}{\376\377\000F\000u\000r\000t\000h\000e\000r\000\040\000I\000m\000p\000r\000o\000v\000i\000n\000g\000\040\000E\000f\000f\000i\000c\000i\000e\000n\000c\000y}{subsection.6.3}% 56
\BOOKMARK [2][-]{subsection.6.4}{\376\377\000S\000o\000m\000e\000\040\000T\000e\000x\000t\000\040\000R\000e\000t\000r\000i\000e\000v\000a\000l\000\040\000T\000o\000o\000l\000k\000i\000t\000s}{section.6}% 57
\BOOKMARK [2][-]{subsection.6.5}{\376\377\000S\000u\000m\000m\000a\000r\000y\000\040\000o\000f\000\040\000S\000y\000s\000t\000e\000m\000\040\000I\000m\000p\000l\000e\000m\000e\000n\000t\000a\000t\000i\000o\000n}{section.6}% 58
\BOOKMARK [2][-]{subsection.6.6}{\376\377\000R\000e\000c\000o\000m\000m\000e\000n\000d\000e\000d\000\040\000r\000e\000a\000d\000i\000n\000g}{section.6}% 59
\BOOKMARK [1][-]{section.7}{\376\377\000E\000v\000a\000l\000u\000a\000t\000i\000o\000n\000\040\000o\000f\000\040\000T\000e\000x\000t\000\040\000R\000e\000t\000r\000i\000e\000v\000a\000l\000\040\000S\000y\000s\000t\000e\000m\000s}{}% 60
\BOOKMARK [2][-]{subsection.7.1}{\376\377\000T\000h\000e\000\040\000C\000r\000a\000n\000f\000i\000e\000l\000d\000\040\000E\000v\000a\000l\000u\000a\000t\000i\000o\000n\000\040\000M\000e\000t\000h\000o\000d\000o\000l\000o\000g\000y}{section.7}% 61
\BOOKMARK [2][-]{subsection.7.2}{\376\377\000B\000a\000s\000i\000c\000\040\000M\000e\000a\000s\000u\000r\000e\000s}{section.7}% 62
\BOOKMARK [3][-]{subsubsection.7.2.1}{\376\377\000E\000v\000a\000l\000u\000a\000t\000i\000n\000g\000\040\000a\000\040\000S\000e\000t\000\040\000o\000f\000\040\000R\000e\000t\000r\000i\000e\000v\000e\000d\000\040\000D\000o\000c\000s}{subsection.7.2}% 63
\BOOKMARK [3][-]{subsubsection.7.2.2}{\376\377\000C\000o\000m\000b\000i\000n\000e\000\040\000P\000r\000e\000c\000i\000s\000i\000o\000n\000\040\000a\000n\000d\000\040\000R\000e\000c\000a\000l\000l\000:\000\040\000F\000-\000M\000e\000a\000s\000u\000r\000e}{subsection.7.2}% 64
\BOOKMARK [2][-]{subsection.7.3}{\376\377\000E\000v\000a\000l\000u\000a\000t\000i\000n\000g\000\040\000a\000\040\000R\000a\000n\000k\000e\000d\000\040\000L\000i\000s\000t}{section.7}% 65
\BOOKMARK [3][-]{subsubsection.7.3.1}{\376\377\000E\000v\000a\000l\000u\000a\000t\000i\000n\000g\000\040\000R\000a\000n\000k\000i\000n\000g\000:\000\040\000P\000r\000e\000c\000i\000s\000i\000o\000n\000-\000R\000e\000c\000a\000l\000l\000\040\000\050\000P\000R\000\051\000\040\000C\000u\000r\000v\000e}{subsection.7.3}% 66
\BOOKMARK [3][-]{subsubsection.7.3.2}{\376\377\000H\000o\000w\000\040\000t\000o\000\040\000S\000u\000m\000m\000a\000r\000i\000z\000e\000\040\000a\000\040\000R\000a\000n\000k\000i\000n\000g}{subsection.7.3}% 67
\BOOKMARK [3][-]{subsubsection.7.3.3}{\376\377\000M\000e\000a\000n\000\040\000A\000v\000e\000r\000a\000g\000e\000\040\000P\000r\000e\000c\000i\000s\000i\000o\000n\000\040\000\050\000M\000A\000P\000\051}{subsection.7.3}% 68
\BOOKMARK [3][-]{subsubsection.7.3.4}{\376\377\000S\000u\000m\000m\000a\000r\000y}{subsection.7.3}% 69
\BOOKMARK [2][-]{subsection.7.4}{\376\377\000M\000u\000l\000t\000i\000-\000l\000e\000v\000e\000l\000\040\000R\000e\000l\000e\000v\000a\000n\000c\000e\000\040\000J\000u\000d\000g\000m\000e\000n\000t\000s}{section.7}% 70
\BOOKMARK [2][-]{subsection.7.5}{\376\377\000S\000t\000a\000t\000i\000s\000t\000i\000c\000a\000l\000\040\000S\000i\000g\000n\000i\000f\000i\000c\000a\000n\000c\000e\000\040\000T\000e\000s\000t\000s}{section.7}% 71
\BOOKMARK [3][-]{subsubsection.7.5.1}{\376\377\000S\000i\000g\000n\000\040\000t\000e\000s\000t}{subsection.7.5}% 72
\BOOKMARK [3][-]{subsubsection.7.5.2}{\376\377\000W\000i\000l\000c\000o\000x\000o\000n\000\040\000s\000i\000g\000n\000e\000d\000-\000r\000a\000n\000k\000\040\000t\000e\000s\000t}{subsection.7.5}% 73
\BOOKMARK [2][-]{subsection.7.6}{\376\377\000P\000o\000o\000l\000i\000n\000g\000:\000\040\000A\000v\000o\000i\000d\000\040\000J\000u\000d\000g\000i\000n\000g\000\040\000a\000l\000l\000\040\000D\000o\000c\000u\000m\000e\000n\000t\000s}{section.7}% 74
\BOOKMARK [2][-]{subsection.7.7}{\376\377\000S\000u\000m\000m\000a\000r\000y\000\040\000o\000f\000\040\000T\000R\000\040\000E\000v\000a\000l\000u\000a\000t\000i\000o\000n}{section.7}% 75
\BOOKMARK [2][-]{subsection.7.8}{\376\377\000R\000e\000c\000o\000m\000m\000e\000n\000d\000e\000d\000\040\000r\000e\000a\000d\000i\000n\000g}{section.7}% 76
\BOOKMARK [1][-]{section.8}{\376\377\000P\000r\000o\000b\000a\000b\000i\000l\000i\000s\000t\000i\000c\000\040\000M\000o\000d\000e\000l}{}% 77
\BOOKMARK [2][-]{subsection.8.1}{\376\377\000B\000a\000s\000i\000c\000\040\000I\000d\000e\000a\000\040\000o\000f\000\040\000P\000r\000o\000b\000a\000b\000i\000l\000i\000s\000t\000i\000c\000\040\000M\000o\000d\000e\000l}{section.8}% 78
\BOOKMARK [2][-]{subsection.8.2}{\376\377\000L\000a\000n\000g\000u\000a\000g\000e\000\040\000M\000o\000d\000e\000l}{section.8}% 79
\BOOKMARK [3][-]{subsubsection.8.2.1}{\376\377\000T\000h\000e\000\040\000S\000i\000m\000p\000l\000e\000s\000t\000\040\000L\000a\000n\000g\000u\000a\000g\000e\000\040\000M\000o\000d\000e\000l\000:\000\040\000U\000n\000i\000g\000r\000a\000m\000\040\000L\000M}{subsection.8.2}% 80
\BOOKMARK [3][-]{subsubsection.8.2.2}{\376\377\000R\000e\000c\000o\000m\000m\000e\000n\000d\000e\000d\000\040\000r\000e\000a\000d\000i\000n\000g}{subsection.8.2}% 81
\BOOKMARK [2][-]{subsection.8.3}{\376\377\000R\000a\000n\000k\000i\000n\000g\000\040\000b\000a\000s\000e\000d\000\040\000o\000n\000\040\000Q\000u\000e\000r\000y\000\040\000L\000i\000k\000e\000l\000i\000h\000o\000o\000d}{section.8}% 82
\BOOKMARK [3][-]{subsubsection.8.3.1}{\376\377\000H\000o\000w\000\040\000t\000o\000\040\000E\000s\000t\000i\000m\000a\000t\000e\000\040\000p\000\050\000w\000\040\000|\000t\000o\000.\000\040\000d\000\051}{subsection.8.3}% 83
\BOOKMARK [3][-]{subsubsection.8.3.2}{\376\377\000R\000e\000w\000r\000i\000t\000i\000n\000g\000\040\000t\000h\000e\000\040\000R\000a\000n\000k\000i\000n\000g\000\040\000F\000u\000n\000c\000t\000i\000o\000n\000\040\000w\000i\000t\000h\000\040\000S\000m\000o\000o\000t\000h\000i\000n\000g}{subsection.8.3}% 84
\BOOKMARK [3][-]{subsubsection.8.3.3}{\376\377\000S\000m\000o\000o\000t\000h\000i\000n\000g\000\040\000M\000e\000t\000h\000o\000d\000s}{subsection.8.3}% 85
\BOOKMARK [3][-]{subsubsection.8.3.4}{\376\377\000S\000u\000m\000m\000a\000r\000y\000\040\000o\000f\000\040\000Q\000u\000e\000r\000y\000\040\000L\000i\000k\000e\000l\000i\000h\000o\000o\000d\000\040\000P\000r\000o\000b\000a\000b\000i\000l\000i\000s\000t\000i\000c\000\040\000M\000o\000d\000e\000l}{subsection.8.3}% 86
\BOOKMARK [3][-]{subsubsection.8.3.5}{\376\377\000R\000e\000c\000o\000m\000m\000e\000n\000d\000e\000d\000\040\000r\000e\000a\000d\000i\000n\000g}{subsection.8.3}% 87
\BOOKMARK [1][-]{section.9}{\376\377\000F\000e\000e\000d\000b\000a\000c\000k\000\040\000i\000n\000\040\000T\000e\000x\000t\000\040\000R\000e\000t\000r\000i\000e\000v\000a\000l}{}% 88
\BOOKMARK [2][-]{subsection.9.1}{\376\377\000T\000y\000p\000e\000s\000\040\000o\000f\000\040\000F\000e\000e\000d\000b\000a\000c\000k}{section.9}% 89
\BOOKMARK [2][-]{subsection.9.2}{\376\377\000F\000e\000e\000d\000b\000a\000c\000k\000\040\000i\000n\000\040\000V\000e\000c\000t\000o\000r\000\040\000S\000p\000a\000c\000e\000\040\000M\000o\000d\000e\000l}{section.9}% 90
\BOOKMARK [3][-]{subsubsection.9.2.1}{\376\377\000R\000o\000c\000c\000h\000i\000o\000\040\000F\000e\000e\000d\000b\000a\000c\000k}{subsection.9.2}% 91
\BOOKMARK [3][-]{subsubsection.9.2.2}{\376\377\000R\000o\000c\000c\000h\000i\000o\000\040\000i\000n\000\040\000P\000r\000a\000c\000t\000i\000c\000e}{subsection.9.2}% 92
\BOOKMARK [2][-]{subsection.9.3}{\376\377\000F\000e\000e\000d\000b\000a\000c\000k\000\040\000i\000n\000\040\000L\000a\000n\000g\000u\000a\000g\000e\000\040\000M\000o\000d\000e\000l}{section.9}% 93
\BOOKMARK [3][-]{subsubsection.9.3.1}{\376\377\000T\000h\000e\000\040\000K\000L\000-\000d\000i\000v\000e\000r\000g\000e\000n\000c\000e\000\040\000m\000e\000a\000s\000u\000r\000e}{subsection.9.3}% 94
\BOOKMARK [3][-]{subsubsection.9.3.2}{\376\377\000K\000u\000l\000l\000b\000a\000c\000k\000-\000L\000e\000i\000b\000l\000e\000r\000\040\000\050\000K\000L\000\051\000\040\000D\000i\000v\000e\000r\000g\000e\000n\000c\000e\000\040\000R\000e\000t\000r\000i\000e\000v\000a\000l\000\040\000M\000o\000d\000e\000l}{subsection.9.3}% 95
\BOOKMARK [3][-]{subsubsection.9.3.3}{\376\377\000F\000e\000e\000d\000b\000a\000c\000k\000\040\000a\000s\000\040\000M\000o\000d\000e\000l\000\040\000I\000n\000t\000e\000r\000p\000o\000l\000a\000t\000i\000o\000n}{subsection.9.3}% 96
\BOOKMARK [3][-]{subsubsection.9.3.4}{\376\377\000G\000e\000n\000e\000r\000a\000t\000i\000v\000e\000\040\000M\000i\000x\000t\000u\000r\000e\000\040\000M\000o\000d\000e\000l}{subsection.9.3}% 97
\BOOKMARK [2][-]{subsection.9.4}{\376\377\000R\000e\000c\000o\000m\000m\000e\000n\000d\000e\000d\000\040\000r\000e\000a\000d\000i\000n\000g}{section.9}% 98
\BOOKMARK [1][-]{section.10}{\376\377\000W\000e\000b\000\040\000S\000e\000a\000r\000c\000h}{}% 99
\BOOKMARK [2][-]{subsection.10.1}{\376\377\000W\000e\000b\000\040\000S\000e\000a\000r\000c\000h\000:\000\040\000C\000h\000a\000l\000l\000e\000n\000g\000e\000s\000\040\000\046\000\040\000O\000p\000p\000o\000r\000t\000u\000n\000i\000t\000i\000e\000s}{section.10}% 100
\BOOKMARK [2][-]{subsection.10.2}{\376\377\000B\000a\000s\000i\000c\000\040\000S\000e\000a\000r\000c\000h\000\040\000E\000n\000g\000i\000n\000e\000\040\000T\000e\000c\000h\000n\000o\000l\000o\000g\000i\000e\000s}{section.10}% 101
\BOOKMARK [2][-]{subsection.10.3}{\376\377\000C\000r\000a\000w\000l\000e\000r\000/\000S\000p\000i\000d\000e\000r\000/\000R\000o\000b\000o\000t}{section.10}% 102
\BOOKMARK [3][-]{subsubsection.10.3.1}{\376\377\000M\000a\000j\000o\000r\000\040\000C\000r\000a\000w\000l\000i\000n\000g\000\040\000S\000t\000r\000a\000t\000e\000g\000i\000e\000s}{subsection.10.3}% 103
\BOOKMARK [2][-]{subsection.10.4}{\376\377\000W\000e\000b\000\040\000I\000n\000d\000e\000x}{section.10}% 104
\BOOKMARK [3][-]{subsubsection.10.4.1}{\376\377\000G\000F\000S\000\040\000A\000r\000c\000h\000i\000t\000e\000c\000t\000u\000r\000e}{subsection.10.4}% 105
\BOOKMARK [3][-]{subsubsection.10.4.2}{\376\377\000M\000a\000p\000R\000e\000d\000u\000c\000e\000:\000\040\000A\000\040\000F\000r\000a\000m\000e\000w\000o\000r\000k\000\040\000f\000o\000r\000\040\000P\000a\000r\000a\000l\000l\000e\000l\000\040\000P\000r\000o\000g\000r\000a\000m\000m\000i\000n\000g}{subsection.10.4}% 106
\BOOKMARK [3][-]{subsubsection.10.4.3}{\376\377\000M\000a\000p\000R\000e\000d\000u\000c\000e\000:\000\040\000C\000o\000m\000p\000u\000t\000a\000t\000i\000o\000n\000\040\000P\000i\000p\000e\000l\000i\000n\000e}{subsection.10.4}% 107
\BOOKMARK [3][-]{subsubsection.10.4.4}{\376\377\000I\000n\000v\000e\000r\000t\000e\000d\000\040\000I\000n\000d\000e\000x\000i\000n\000g\000\040\000w\000i\000t\000h\000\040\000M\000a\000p\000R\000e\000d\000u\000c\000e}{subsection.10.4}% 108
\BOOKMARK [2][-]{subsection.10.5}{\376\377\000L\000i\000n\000k\000\040\000A\000n\000a\000l\000y\000s\000i\000s}{section.10}% 109
\BOOKMARK [3][-]{subsubsection.10.5.1}{\376\377\000R\000a\000n\000k\000i\000n\000g\000\040\000A\000l\000g\000o\000r\000i\000t\000h\000m\000s\000\040\000f\000o\000r\000\040\000W\000e\000b\000\040\000S\000e\000a\000r\000c\000h}{subsection.10.5}% 110
\BOOKMARK [3][-]{subsubsection.10.5.2}{\376\377\000E\000x\000p\000l\000o\000i\000t\000i\000n\000g\000\040\000I\000n\000t\000e\000r\000-\000D\000o\000c\000u\000m\000e\000n\000t\000\040\000L\000i\000n\000k\000s}{subsection.10.5}% 111
\BOOKMARK [3][-]{subsubsection.10.5.3}{\376\377\000P\000a\000g\000e\000R\000a\000n\000k\000:\000\040\000C\000a\000p\000t\000u\000r\000i\000n\000g\000\040\000P\000a\000g\000e\000\040\000<\000<\000P\000o\000p\000u\000l\000a\000r\000i\000t\000y\000>\000>}{subsection.10.5}% 112
\BOOKMARK [3][-]{subsubsection.10.5.4}{\376\377\000T\000h\000e\000\040\000P\000a\000g\000e\000R\000a\000n\000k\000\040\000A\000l\000g\000o\000r\000i\000t\000h\000m}{subsection.10.5}% 113
\BOOKMARK [3][-]{subsubsection.10.5.5}{\376\377\000P\000a\000g\000e\000R\000a\000n\000k\000\040\000i\000n\000\040\000P\000r\000a\000c\000t\000i\000c\000e}{subsection.10.5}% 114
\BOOKMARK [3][-]{subsubsection.10.5.6}{\376\377\000H\000I\000T\000S\000:\000\040\000C\000a\000p\000t\000u\000r\000i\000n\000g\000\040\000A\000u\000t\000h\000o\000r\000i\000t\000i\000e\000s\000\040\000\046\000\040\000H\000u\000b\000s}{subsection.10.5}% 115
\BOOKMARK [3][-]{subsubsection.10.5.7}{\376\377\000T\000h\000e\000\040\000H\000I\000T\000S\000\040\000A\000l\000g\000o\000r\000i\000t\000h\000m}{subsection.10.5}% 116
\BOOKMARK [2][-]{subsection.10.6}{\376\377\000L\000e\000a\000r\000n\000i\000n\000g\000\040\000t\000o\000\040\000R\000a\000n\000k}{section.10}% 117
\BOOKMARK [3][-]{subsubsection.10.6.1}{\376\377\000H\000o\000w\000\040\000C\000a\000n\000\040\000W\000e\000\040\000C\000o\000m\000b\000i\000n\000e\000\040\000M\000a\000n\000y\000\040\000F\000e\000a\000t\000u\000r\000e\000s\000?}{subsection.10.6}% 118
\BOOKMARK [3][-]{subsubsection.10.6.2}{\376\377\000R\000e\000g\000r\000e\000s\000s\000i\000o\000n\000-\000B\000a\000s\000e\000d\000\040\000A\000p\000p\000r\000o\000a\000c\000h\000e\000s}{subsection.10.6}% 119
\BOOKMARK [3][-]{subsubsection.10.6.3}{\376\377\000M\000o\000r\000e\000\040\000A\000d\000v\000a\000n\000c\000e\000d\000\040\000L\000e\000a\000r\000n\000i\000n\000g\000\040\000A\000l\000g\000o\000r\000i\000t\000h\000m\000s}{subsection.10.6}% 120
\BOOKMARK [3][-]{subsubsection.10.6.4}{\376\377\000R\000e\000c\000o\000m\000m\000e\000n\000d\000e\000d\000\040\000r\000e\000a\000d\000i\000n\000g}{subsection.10.6}% 121
\BOOKMARK [2][-]{subsection.10.7}{\376\377\000F\000u\000t\000u\000r\000e\000\040\000o\000f\000\040\000W\000e\000b\000\040\000S\000e\000a\000r\000c\000h}{section.10}% 122
\BOOKMARK [3][-]{subsubsection.10.7.1}{\376\377\000N\000e\000x\000t\000\040\000G\000e\000n\000e\000r\000a\000t\000i\000o\000n\000\040\000S\000e\000a\000r\000c\000h\000\040\000E\000n\000g\000i\000n\000e\000s}{subsection.10.7}% 123
\BOOKMARK [3][-]{subsubsection.10.7.2}{\376\377\000F\000u\000t\000u\000r\000e\000\040\000I\000n\000t\000e\000l\000l\000i\000g\000e\000n\000t\000\040\000I\000n\000f\000o\000r\000m\000a\000t\000i\000o\000n\000\040\000S\000y\000s\000t\000e\000m\000s}{subsection.10.7}% 124
\BOOKMARK [1][-]{section.11}{\376\377\000R\000e\000c\000o\000m\000m\000e\000n\000d\000e\000r\000\040\000S\000y\000s\000t\000e\000m\000s}{}% 125
\BOOKMARK [2][-]{subsection.11.1}{\376\377\000R\000e\000c\000o\000m\000m\000e\000n\000d\000e\000r\000\040\042\110\000\040\000F\000i\000l\000t\000e\000r\000i\000n\000g\000\040\000S\000y\000s\000t\000e\000m}{section.11}% 126
\BOOKMARK [3][-]{subsubsection.11.1.1}{\376\377\000B\000a\000s\000i\000c\000\040\000F\000i\000l\000t\000e\000r\000i\000n\000g\000\040\000Q\000u\000e\000s\000t\000i\000o\000n}{subsection.11.1}% 127
\BOOKMARK [2][-]{subsection.11.2}{\376\377\000C\000o\000n\000t\000e\000n\000t\000-\000B\000a\000s\000e\000d\000\040\000F\000i\000l\000t\000e\000r\000i\000n\000g}{section.11}% 128
\BOOKMARK [3][-]{subsubsection.11.2.1}{\376\377\000A\000\040\000T\000y\000p\000i\000c\000a\000l\000\040\000C\000o\000n\000t\000e\000n\000t\000-\000B\000a\000s\000e\000d\000\040\000F\000i\000l\000t\000e\000r\000i\000n\000g\000\040\000S\000y\000s\000t\000e\000m}{subsection.11.2}% 129
\BOOKMARK [3][-]{subsubsection.11.2.2}{\376\377\000T\000h\000r\000e\000e\000\040\000B\000a\000s\000i\000c\000\040\000P\000r\000o\000b\000l\000e\000m\000s\000\040\000i\000n\000\040\000C\000o\000n\000t\000e\000n\000t\000-\000B\000a\000s\000e\000d\000\040\000F\000i\000l\000t\000e\000r\000i\000n\000g}{subsection.11.2}% 130
\BOOKMARK [3][-]{subsubsection.11.2.3}{\376\377\000E\000x\000t\000e\000n\000d\000\040\000a\000\040\000R\000e\000t\000r\000i\000e\000v\000a\000l\000\040\000S\000y\000s\000t\000e\000m\000\040\000f\000o\000r\000\040\000I\000n\000f\000o\000r\000m\000a\000t\000i\000o\000n\000\040\000F\000i\000l\000t\000e\000r\000i\000n\000g}{subsection.11.2}% 131
\BOOKMARK [3][-]{subsubsection.11.2.4}{\376\377\000A\000\040\000G\000e\000n\000e\000r\000a\000l\000\040\000V\000e\000c\000t\000o\000r\000-\000S\000p\000a\000c\000e\000\040\000A\000p\000p\000r\000o\000a\000c\000h}{subsection.11.2}% 132
\BOOKMARK [3][-]{subsubsection.11.2.5}{\376\377\000D\000i\000f\000f\000i\000c\000u\000l\000t\000i\000e\000s\000\040\000i\000n\000\040\000T\000h\000r\000e\000s\000h\000o\000l\000d\000\040\000L\000e\000a\000r\000n\000i\000n\000g}{subsection.11.2}% 133
\BOOKMARK [3][-]{subsubsection.11.2.6}{\376\377\000E\000m\000p\000i\000r\000i\000c\000a\000l\000\040\000U\000t\000i\000l\000i\000t\000y\000\040\000O\000p\000t\000i\000m\000i\000z\000a\000t\000i\000o\000n}{subsection.11.2}% 134
\BOOKMARK [3][-]{subsubsection.11.2.7}{\376\377\000B\000e\000t\000a\000-\000G\000a\000m\000m\000a\000\040\000T\000h\000r\000e\000s\000h\000o\000l\000d\000\040\000L\000e\000a\000r\000n\000i\000n\000g}{subsection.11.2}% 135
\BOOKMARK [2][-]{subsection.11.3}{\376\377\000C\000o\000l\000l\000a\000b\000o\000r\000a\000t\000i\000v\000e\000\040\000F\000i\000l\000t\000e\000r\000i\000n\000g}{section.11}% 136
\BOOKMARK [3][-]{subsubsection.11.3.1}{\376\377\000W\000h\000a\000t\000\040\000i\000s\000\040\000C\000o\000l\000l\000a\000b\000o\000r\000a\000t\000i\000v\000e\000\040\000F\000i\000l\000t\000e\000r\000i\000n\000g\000\040\000\050\000C\000F\000\051\000?}{subsection.11.3}% 137
\BOOKMARK [3][-]{subsubsection.11.3.2}{\376\377\000M\000e\000m\000o\000r\000y\000-\000b\000a\000s\000e\000d\000\040\000A\000p\000p\000r\000o\000a\000c\000h\000e\000s\000\040\000t\000o\000\040\000C\000o\000l\000l\000a\000b\000o\000r\000a\000t\000i\000o\000n\000\040\000F\000i\000l\000t\000e\000r\000i\000n\000g\000\040\000P\000r\000o\000b\000l\000e\000m}{subsection.11.3}% 138
\BOOKMARK [3][-]{subsubsection.11.3.3}{\376\377\000U\000s\000e\000r\000\040\000S\000i\000m\000i\000l\000a\000r\000i\000t\000y\000\040\000M\000e\000a\000s\000u\000r\000e\000s}{subsection.11.3}% 139
\BOOKMARK [3][-]{subsubsection.11.3.4}{\376\377\000I\000m\000p\000r\000o\000v\000i\000n\000g\000\040\000U\000s\000e\000r\000\040\000S\000i\000m\000i\000l\000a\000r\000i\000t\000y\000\040\000M\000e\000a\000s\000u\000r\000e\000s}{subsection.11.3}% 140
\BOOKMARK [3][-]{subsubsection.11.3.5}{\376\377\000S\000u\000m\000m\000a\000r\000y}{subsection.11.3}% 141
\BOOKMARK [3][-]{subsubsection.11.3.6}{\376\377\000R\000e\000c\000o\000m\000m\000e\000n\000d\000e\000d\000\040\000r\000e\000a\000d\000i\000n\000g}{subsection.11.3}% 142
\BOOKMARK [1][-]{section.12}{\376\377\000C\000o\000u\000r\000s\000e\000\040\000S\000u\000m\000m\000a\000r\000y}{}% 143
\BOOKMARK [2][-]{subsection.12.1}{\376\377\000R\000e\000c\000o\000m\000m\000e\000n\000d\000e\000d\000\040\000r\000e\000a\000d\000i\000n\000g}{section.12}% 144
\BOOKMARK [2][-]{subsection.12.2}{\376\377\000M\000a\000i\000n\000\040\000T\000e\000c\000h\000n\000i\000q\000u\000e\000s\000\040\000f\000o\000r\000\040\000H\000a\000r\000n\000e\000s\000s\000i\000n\000g\000\040\000B\000i\000g\000\040\000T\000e\000x\000t\000\040\000D\000a\000t\000a\000:\000\040\000T\000e\000x\000t\000\040\000R\000e\000t\000r\000i\000e\000v\000a\000l\000\040\000+\000\040\000T\000e\000x\000t\000\040\000M\000i\000n\000i\000n\000g}{section.12}% 145
